2025-03-15 11:56:07,304 - Ether / Dot1Q / IPv6 / TCP 2603:1020:5:4::a:https > 2a0c:5a81:210:2e00:54cd:4626:d2db:9cd8:52778 PA / Raw
2025-03-15 11:56:07,304 - Ether / IPv6 / TCP 2a0c:5a81:210:2e00:54cd:4626:d2db:9cd8:52778 > 2603:1020:5:4::a:https A
2025-03-15 11:56:07,306 - Ether / Dot1Q / IPv6 / TCP 2603:1020:5:4::a:https > 2a0c:5a81:210:2e00:54cd:4626:d2db:9cd8:52778 PA / Raw
2025-03-15 11:56:07,307 - Ether / Dot1Q / IPv6 / TCP 2603:1020:5:4::a:https > 2a0c:5a81:210:2e00:54cd:4626:d2db:9cd8:52780 PA / Raw
2025-03-15 11:56:07,308 - Ether / IPv6 / TCP 2a0c:5a81:210:2e00:54cd:4626:d2db:9cd8:52778 > 2603:1020:5:4::a:https A
2025-03-15 11:56:07,310 - Ether / IPv6 / TCP 2a0c:5a81:210:2e00:54cd:4626:d2db:9cd8:52780 > 2603:1020:5:4::a:https A
2025-03-15 11:56:07,311 - Ether / IPv6 / TCP 2a0c:5a81:210:2e00:54cd:4626:d2db:9cd8:52780 > 2603:1020:5:4::a:https PA / Raw
2025-03-15 11:56:07,312 - Ether / Dot1Q / IPv6 / TCP 2603:1020:5:4::a:https > 2a0c:5a81:210:2e00:54cd:4626:d2db:9cd8:52780 A
2025-03-15 11:56:07,313 - Ether / Dot1Q / IPv6 / TCP 2603:1020:5:4::a:https > 2a0c:5a81:210:2e00:54cd:4626:d2db:9cd8:52780 PA / Raw
2025-03-15 11:56:07,313 - Ether / IPv6 / TCP 2a0c:5a81:210:2e00:54cd:4626:d2db:9cd8:52780 > 2603:1020:5:4::a:https A
2025-03-15 11:56:07,314 - Ether / IPv6 / TCP 2a0c:5a81:210:2e00:54cd:4626:d2db:9cd8:52811 > 2a00:1450:400c:c0a::bc:https A / Raw
2025-03-15 11:56:07,317 - Ether / Dot1Q / IPv6 / TCP 2a00:1450:400c:c0a::bc:https > 2a0c:5a81:210:2e00:54cd:4626:d2db:9cd8:52811 A
2025-03-15 11:56:07,321 - Ether / IPv6 / TCP 2a0c:5a81:210:2e00:54cd:4626:d2db:9cd8:53413 > 2603:1026:2405:1::6a:https PA / Raw
2025-03-15 11:56:07,346 - Ether / Dot1Q / IPv6 / TCP 2603:1026:2405:1::6a:https > 2a0c:5a81:210:2e00:54cd:4626:d2db:9cd8:53413 PA / Raw
2025-03-15 11:56:07,348 - Ether / IPv6 / TCP 2a0c:5a81:210:2e00:54cd:4626:d2db:9cd8:53413 > 2603:1026:2405:1::6a:https A
2025-03-15 11:56:07,357 - Ether / IPv6 / TCP 2a0c:5a81:210:2e00:54cd:4626:d2db:9cd8:53712 > 2603:1063:27:1::14:https S
2025-03-15 11:56:07,359 - Ether / Dot1Q / IPv6 / TCP 2603:1063:27:1::14:https > 2a0c:5a81:210:2e00:54cd:4626:d2db:9cd8:53712 SA
2025-03-15 11:56:07,360 - Ether / IPv6 / TCP 2a0c:5a81:210:2e00:54cd:4626:d2db:9cd8:53712 > 2603:1063:27:1::14:https A
2025-03-15 11:56:07,360 - Ether / IPv6 / TCP 2a0c:5a81:210:2e00:54cd:4626:d2db:9cd8:53712 > 2603:1063:27:1::14:https PA / Raw
2025-03-15 11:56:07,362 - Ether / Dot1Q / IPv6 / TCP 2603:1063:27:1::14:https > 2a0c:5a81:210:2e00:54cd:4626:d2db:9cd8:53712 A
