2025-03-15 11:46:36,694 - Ether / Dot1Q / IPv6 / TCP 2603:1063:27:1::14:https > 2a0c:5a81:210:2e00:54cd:4626:d2db:9cd8:53508 RA
2025-03-15 11:46:36,695 - Ether / Dot1Q / IPv6 / TCP 2603:1020:5:4::a:https > 2a0c:5a81:210:2e00:54cd:4626:d2db:9cd8:52778 PA / Raw
2025-03-15 11:46:36,695 - Ether / IPv6 / TCP 2a0c:5a81:210:2e00:54cd:4626:d2db:9cd8:52778 > 2603:1020:5:4::a:https A
2025-03-15 11:46:36,695 - Ether / IPv6 / TCP 2a0c:5a81:210:2e00:54cd:4626:d2db:9cd8:53413 > 2603:1026:2405:1::6a:https PA / Raw
2025-03-15 11:46:36,696 - Ether / Dot1Q / IPv6 / TCP 2603:1026:2405:1::6a:https > 2a0c:5a81:210:2e00:54cd:4626:d2db:9cd8:53413 PA / Raw
2025-03-15 11:46:36,717 - Ether / IPv6 / TCP 2a0c:5a81:210:2e00:54cd:4626:d2db:9cd8:53413 > 2603:1026:2405:1::6a:https A
2025-03-15 11:46:36,718 - Ether / IPv6 / TCP 2a0c:5a81:210:2e00:54cd:4626:d2db:9cd8:53531 > 2603:1063:27:1::14:https S
2025-03-15 11:46:36,719 - Ether / Dot1Q / IPv6 / TCP 2603:1063:27:1::14:https > 2a0c:5a81:210:2e00:54cd:4626:d2db:9cd8:53531 SA
2025-03-15 11:46:36,719 - Ether / IPv6 / TCP 2a0c:5a81:210:2e00:54cd:4626:d2db:9cd8:53531 > 2603:1063:27:1::14:https A
2025-03-15 11:46:36,721 - Ether / IPv6 / TCP 2a0c:5a81:210:2e00:54cd:4626:d2db:9cd8:53531 > 2603:1063:27:1::14:https PA / Raw
2025-03-15 11:46:36,721 - Ether / Dot1Q / IPv6 / TCP 2603:1063:27:1::14:https > 2a0c:5a81:210:2e00:54cd:4626:d2db:9cd8:53531 A
2025-03-15 11:46:36,723 - Ether / Dot1Q / IPv6 / TCP 2603:1063:27:1::14:https > 2a0c:5a81:210:2e00:54cd:4626:d2db:9cd8:53531 A / Raw
2025-03-15 11:46:36,726 - Ether / Dot1Q / IPv6 / TCP 2603:1063:27:1::14:https > 2a0c:5a81:210:2e00:54cd:4626:d2db:9cd8:53531 A / Raw
2025-03-15 11:46:36,727 - Ether / Dot1Q / IPv6 / TCP 2603:1063:27:1::14:https > 2a0c:5a81:210:2e00:54cd:4626:d2db:9cd8:53531 A / Raw
2025-03-15 11:46:36,728 - Ether / Dot1Q / IPv6 / TCP 2603:1063:27:1::14:https > 2a0c:5a81:210:2e00:54cd:4626:d2db:9cd8:53531 A / Raw
2025-03-15 11:46:36,742 - Ether / Dot1Q / IPv6 / TCP 2603:1063:27:1::14:https > 2a0c:5a81:210:2e00:54cd:4626:d2db:9cd8:53531 PA / Raw
2025-03-15 11:46:36,748 - Ether / IPv6 / TCP 2a0c:5a81:210:2e00:54cd:4626:d2db:9cd8:53531 > 2603:1063:27:1::14:https A
2025-03-15 11:46:36,754 - Ether / IPv6 / TCP 2a0c:5a81:210:2e00:54cd:4626:d2db:9cd8:53531 > 2603:1063:27:1::14:https PA / Raw
2025-03-15 11:46:36,773 - Ether / IPv6 / TCP 2a0c:5a81:210:2e00:54cd:4626:d2db:9cd8:53531 > 2603:1063:27:1::14:https PA / Raw
2025-03-15 11:46:36,779 - Ether / Dot1Q / IPv6 / TCP 2603:1063:27:1::14:https > 2a0c:5a81:210:2e00:54cd:4626:d2db:9cd8:53531 A
2025-03-15 11:46:36,782 - Ether / Dot1Q / IPv6 / TCP 2603:1063:27:1::14:https > 2a0c:5a81:210:2e00:54cd:4626:d2db:9cd8:53531 PA / Raw
2025-03-15 11:46:36,783 - Ether / IPv6 / TCP 2a0c:5a81:210:2e00:54cd:4626:d2db:9cd8:53531 > 2603:1063:27:1::14:https A
2025-03-15 11:46:36,787 - Ether / Dot1Q / IPv6 / TCP 2603:1063:27:1::14:https > 2a0c:5a81:210:2e00:54cd:4626:d2db:9cd8:53531 A
2025-03-15 11:46:36,790 - Ether / Dot1Q / IPv6 / TCP 2603:1063:27:1::14:https > 2a0c:5a81:210:2e00:54cd:4626:d2db:9cd8:53531 PA / Raw
2025-03-15 11:46:36,792 - Ether / IPv6 / TCP 2a0c:5a81:210:2e00:54cd:4626:d2db:9cd8:53531 > 2603:1063:27:1::14:https A
2025-03-15 11:46:36,793 - Ether / IPv6 / TCP 2a0c:5a81:210:2e00:54cd:4626:d2db:9cd8:53506 > 2a00:1450:4003:807::2003:https A / Raw
2025-03-15 11:46:36,801 - Ether / Dot1Q / IPv6 / TCP 2a00:1450:4003:807::2003:https > 2a0c:5a81:210:2e00:54cd:4626:d2db:9cd8:53506 A
2025-03-15 11:46:36,803 - Ether / IPv6 / TCP 2a0c:5a81:210:2e00:54cd:4626:d2db:9cd8:52780 > 2603:1020:5:4::a:https PA / Raw
2025-03-15 11:46:36,804 - Ether / Dot1Q / IPv6 / TCP 2603:1020:5:4::a:https > 2a0c:5a81:210:2e00:54cd:4626:d2db:9cd8:52780 A
2025-03-15 11:46:36,804 - Ether / Dot1Q / IPv6 / TCP 2603:1020:5:4::a:https > 2a0c:5a81:210:2e00:54cd:4626:d2db:9cd8:52778 PA / Raw
2025-03-15 11:46:36,805 - Ether / Dot1Q / IPv6 / TCP 2603:1020:5:4::a:https > 2a0c:5a81:210:2e00:54cd:4626:d2db:9cd8:52780 PA / Raw
2025-03-15 11:46:36,806 - Ether / IPv6 / TCP 2a0c:5a81:210:2e00:54cd:4626:d2db:9cd8:52778 > 2603:1020:5:4::a:https A
2025-03-15 11:46:36,808 - Ether / IPv6 / TCP 2a0c:5a81:210:2e00:54cd:4626:d2db:9cd8:52780 > 2603:1020:5:4::a:https A
2025-03-15 11:46:36,809 - Ether / Dot1Q / IPv6 / TCP 2603:1020:5:4::a:https > 2a0c:5a81:210:2e00:54cd:4626:d2db:9cd8:52780 PA / Raw
2025-03-15 11:46:36,809 - Ether / IPv6 / TCP 2a0c:5a81:210:2e00:54cd:4626:d2db:9cd8:52780 > 2603:1020:5:4::a:https A
2025-03-15 11:46:36,811 - Ether / IPv6 / TCP 2a0c:5a81:210:2e00:54cd:4626:d2db:9cd8:52778 > 2603:1020:5:4::a:https PA / Raw
2025-03-15 11:46:36,813 - Ether / Dot1Q / IPv6 / TCP 2603:1020:5:4::a:https > 2a0c:5a81:210:2e00:54cd:4626:d2db:9cd8:52778 A
2025-03-15 11:46:36,813 - Ether / IPv6 / TCP 2a0c:5a81:210:2e00:54cd:4626:d2db:9cd8:52811 > 2a00:1450:400c:c0a::bc:https A / Raw
2025-03-15 11:46:36,815 - Ether / Dot1Q / IPv6 / TCP 2a00:1450:400c:c0a::bc:https > 2a0c:5a81:210:2e00:54cd:4626:d2db:9cd8:52811 A
2025-03-15 11:46:36,817 - Ether / Dot1Q / IP / TCP 20.111.1.3:https > 192.168.1.142:53495 FA
2025-03-15 11:46:36,817 - Ether / IP / TCP 192.168.1.142:53495 > 20.111.1.3:https A
2025-03-15 11:46:36,818 - Ether / Dot1Q / IPv6 / TCP 2603:1020:5:4::a:https > 2a0c:5a81:210:2e00:54cd:4626:d2db:9cd8:52778 PA / Raw
2025-03-15 11:46:36,818 - Ether / IPv6 / TCP 2a0c:5a81:210:2e00:54cd:4626:d2db:9cd8:52778 > 2603:1020:5:4::a:https A
2025-03-15 11:46:36,820 - Ether / IP / TCP 192.168.1.142:53517 > 52.72.141.215:https A / Raw
2025-03-15 11:46:36,820 - Ether / Dot1Q / IP / TCP 52.72.141.215:https > 192.168.1.142:53517 A
2025-03-15 11:46:36,820 - Ether / IPv6 / TCP 2a0c:5a81:210:2e00:54cd:4626:d2db:9cd8:52764 > 2600:1901:1:a8:::https PA / Raw
2025-03-15 11:46:36,821 - Ether / Dot1Q / IPv6 / TCP 2600:1901:1:a8:::https > 2a0c:5a81:210:2e00:54cd:4626:d2db:9cd8:52764 A
2025-03-15 11:46:36,821 - Ether / Dot1Q / IPv6 / TCP 2600:1901:1:a8:::https > 2a0c:5a81:210:2e00:54cd:4626:d2db:9cd8:52764 PA / Raw
2025-03-15 11:46:36,822 - Ether / IPv6 / TCP 2a0c:5a81:210:2e00:54cd:4626:d2db:9cd8:52764 > 2600:1901:1:a8:::https A
2025-03-15 11:46:36,822 - Ether / IPv6 / TCP 2a0c:5a81:210:2e00:54cd:4626:d2db:9cd8:52778 > 2603:1020:5:4::a:https PA / Raw
2025-03-15 11:46:36,823 - Ether / IPv6 / TCP 2a0c:5a81:210:2e00:54cd:4626:d2db:9cd8:52780 > 2603:1020:5:4::a:https PA / Raw
2025-03-15 11:46:36,823 - Ether / Dot1Q / IPv6 / TCP 2603:1020:5:4::a:https > 2a0c:5a81:210:2e00:54cd:4626:d2db:9cd8:52778 A
2025-03-15 11:46:36,823 - Ether / Dot1Q / IPv6 / TCP 2603:1020:5:4::a:https > 2a0c:5a81:210:2e00:54cd:4626:d2db:9cd8:52780 A
2025-03-15 11:46:36,825 - Ether / IPv6 / TCP 2a0c:5a81:210:2e00:54cd:4626:d2db:9cd8:52780 > 2603:1020:5:4::a:https PA / Raw
2025-03-15 11:46:36,826 - Ether / Dot1Q / IPv6 / TCP 2603:1020:5:4::a:https > 2a0c:5a81:210:2e00:54cd:4626:d2db:9cd8:52780 A
2025-03-15 11:46:36,826 - Ether / Dot1Q / IPv6 / TCP 2603:1020:5:4::a:https > 2a0c:5a81:210:2e00:54cd:4626:d2db:9cd8:52778 PA / Raw
2025-03-15 11:46:36,827 - Ether / Dot1Q / IPv6 / TCP 2603:1020:5:4::a:https > 2a0c:5a81:210:2e00:54cd:4626:d2db:9cd8:52780 PA / Raw
2025-03-15 11:46:36,827 - Ether / IPv6 / TCP 2a0c:5a81:210:2e00:54cd:4626:d2db:9cd8:52778 > 2603:1020:5:4::a:https A
2025-03-15 11:46:36,827 - Ether / IPv6 / TCP 2a0c:5a81:210:2e00:54cd:4626:d2db:9cd8:52780 > 2603:1020:5:4::a:https A
2025-03-15 11:46:36,828 - Ether / Dot1Q / IPv6 / TCP 2603:1020:5:4::a:https > 2a0c:5a81:210:2e00:54cd:4626:d2db:9cd8:52780 PA / Raw
2025-03-15 11:46:36,835 - Ether / IPv6 / TCP 2a0c:5a81:210:2e00:54cd:4626:d2db:9cd8:52780 > 2603:1020:5:4::a:https A
2025-03-15 11:46:36,849 - Ether / IPv6 / TCP 2a0c:5a81:210:2e00:54cd:4626:d2db:9cd8:52778 > 2603:1020:5:4::a:https PA / Raw
2025-03-15 11:46:36,850 - Ether / Dot1Q / IPv6 / TCP 2603:1020:5:4::a:https > 2a0c:5a81:210:2e00:54cd:4626:d2db:9cd8:52778 A
